{"/media/dcavaliere/extradrive1/dev/drugo/microphi/projects/rxjs-marbles/src/index.ts": {"path":"/media/dcavaliere/extradrive1/dev/drugo/microphi/projects/rxjs-marbles/src/index.ts","statementMap":{"0":{"start":{"line":1,"column":0},"end":{"line":1,"column":54}},"1":{"start":{"line":2,"column":0},"end":{"line":2,"column":45}},"2":{"start":{"line":3,"column":0},"end":{"line":3,"column":51}}},"fnMap":{},"branchMap":{},"s":{"0":1,"1":1,"2":1},"f":{},"b":{}}
,"/media/dcavaliere/extradrive1/dev/drugo/microphi/projects/rxjs-marbles/src/expect-observable/expect-observable.ts": {"path":"/media/dcavaliere/extradrive1/dev/drugo/microphi/projects/rxjs-marbles/src/expect-observable/expect-observable.ts","statementMap":{"0":{"start":{"line":2,"column":0},"end":{"line":2,"column":49}},"1":{"start":{"line":19,"column":24},"end":{"line":19,"column":43}},"2":{"start":{"line":21,"column":19},"end":{"line":21,"column":151}},"3":{"start":{"line":23,"column":2},"end":{"line":50,"column":4}},"4":{"start":{"line":25,"column":6},"end":{"line":27,"column":9}},"5":{"start":{"line":26,"column":8},"end":{"line":26,"column":63}},"6":{"start":{"line":31,"column":6},"end":{"line":44,"column":9}},"7":{"start":{"line":33,"column":23},"end":{"line":35,"column":10}},"8":{"start":{"line":34,"column":10},"end":{"line":34,"column":33}},"9":{"start":{"line":37,"column":18},"end":{"line":41,"column":14}},"10":{"start":{"line":39,"column":10},"end":{"line":39,"column":37}},"11":{"start":{"line":40,"column":10},"end":{"line":40,"column":21}},"12":{"start":{"line":43,"column":8},"end":{"line":43,"column":55}},"13":{"start":{"line":48,"column":6},"end":{"line":48,"column":54}},"14":{"start":{"line":15,"column":0},"end":{"line":15,"column":16}}},"fnMap":{"0":{"name":"expectObservable","decl":{"start":{"line":15,"column":16},"end":{"line":15,"column":32}},"loc":{"start":{"line":17,"column":55},"end":{"line":51,"column":1}}},"1":{"name":"(anonymous_1)","decl":{"start":{"line":24,"column":10},"end":{"line":24,"column":11}},"loc":{"start":{"line":24,"column":60},"end":{"line":28,"column":5}}},"2":{"name":"(anonymous_2)","decl":{"start":{"line":25,"column":24},"end":{"line":25,"column":25}},"loc":{"start":{"line":25,"column":49},"end":{"line":27,"column":7}}},"3":{"name":"(anonymous_3)","decl":{"start":{"line":29,"column":13},"end":{"line":29,"column":14}},"loc":{"start":{"line":29,"column":38},"end":{"line":45,"column":5}}},"4":{"name":"(anonymous_4)","decl":{"start":{"line":31,"column":24},"end":{"line":31,"column":25}},"loc":{"start":{"line":31,"column":49},"end":{"line":44,"column":7}}},"5":{"name":"(anonymous_5)","decl":{"start":{"line":33,"column":34},"end":{"line":33,"column":35}},"loc":{"start":{"line":33,"column":47},"end":{"line":35,"column":9}}},"6":{"name":"(anonymous_6)","decl":{"start":{"line":37,"column":32},"end":{"line":37,"column":33}},"loc":{"start":{"line":37,"column":52},"end":{"line":41,"column":9}}},"7":{"name":"(anonymous_7)","decl":{"start":{"line":46,"column":15},"end":{"line":46,"column":16}},"loc":{"start":{"line":46,"column":40},"end":{"line":49,"column":5}}}},"branchMap":{},"s":{"0":1,"1":3,"2":3,"3":3,"4":1,"5":1,"6":1,"7":1,"8":1,"9":1,"10":1,"11":1,"12":1,"13":1,"14":1},"f":{"0":3,"1":1,"2":1,"3":1,"4":1,"5":1,"6":1,"7":1},"b":{}}
,"/media/dcavaliere/extradrive1/dev/drugo/microphi/projects/rxjs-marbles/src/expect-observable/matchers.ts": {"path":"/media/dcavaliere/extradrive1/dev/drugo/microphi/projects/rxjs-marbles/src/expect-observable/matchers.ts","statementMap":{"0":{"start":{"line":1,"column":13},"end":{"line":8,"column":2}},"1":{"start":{"line":3,"column":4},"end":{"line":3,"column":33}},"2":{"start":{"line":6,"column":4},"end":{"line":6,"column":33}},"3":{"start":{"line":11,"column":2},"end":{"line":11,"column":33}},"4":{"start":{"line":12,"column":2},"end":{"line":12,"column":29}},"5":{"start":{"line":10,"column":0},"end":{"line":10,"column":16}}},"fnMap":{"0":{"name":"(anonymous_0)","decl":{"start":{"line":2,"column":13},"end":{"line":2,"column":14}},"loc":{"start":{"line":2,"column":34},"end":{"line":4,"column":3}}},"1":{"name":"(anonymous_1)","decl":{"start":{"line":5,"column":11},"end":{"line":5,"column":12}},"loc":{"start":{"line":5,"column":32},"end":{"line":7,"column":3}}},"2":{"name":"setMatchers","decl":{"start":{"line":10,"column":16},"end":{"line":10,"column":27}},"loc":{"start":{"line":10,"column":46},"end":{"line":13,"column":1}}}},"branchMap":{},"s":{"0":1,"1":0,"2":0,"3":1,"4":1,"5":1},"f":{"0":0,"1":0,"2":1},"b":{}}
,"/media/dcavaliere/extradrive1/dev/drugo/microphi/projects/rxjs-marbles/src/expect-observable/test-scheduler.ts": {"path":"/media/dcavaliere/extradrive1/dev/drugo/microphi/projects/rxjs-marbles/src/expect-observable/test-scheduler.ts","statementMap":{"0":{"start":{"line":1,"column":0},"end":{"line":1,"column":66}},"1":{"start":{"line":3,"column":0},"end":{"line":3,"column":38}},"2":{"start":{"line":51,"column":4},"end":{"line":59,"column":7}},"3":{"start":{"line":52,"column":6},"end":{"line":58,"column":null}},"4":{"start":{"line":53,"column":8},"end":{"line":55,"column":null}},"5":{"start":{"line":54,"column":10},"end":{"line":54,"column":54}},"6":{"start":{"line":57,"column":8},"end":{"line":57,"column":43}},"7":{"start":{"line":46,"column":2},"end":{"line":46,"column":21}},"8":{"start":{"line":47,"column":10},"end":{"line":47,"column":154}},"9":{"start":{"line":69,"column":4},"end":{"line":69,"column":28}},"10":{"start":{"line":71,"column":4},"end":{"line":100,"column":6}},"11":{"start":{"line":73,"column":8},"end":{"line":75,"column":11}},"12":{"start":{"line":74,"column":10},"end":{"line":74,"column":73}},"13":{"start":{"line":78,"column":8},"end":{"line":80,"column":11}},"14":{"start":{"line":79,"column":10},"end":{"line":79,"column":52}},"15":{"start":{"line":84,"column":8},"end":{"line":84,"column":31}},"16":{"start":{"line":86,"column":8},"end":{"line":98,"column":11}},"17":{"start":{"line":88,"column":25},"end":{"line":90,"column":12}},"18":{"start":{"line":89,"column":12},"end":{"line":89,"column":40}},"19":{"start":{"line":92,"column":20},"end":{"line":95,"column":16}},"20":{"start":{"line":93,"column":12},"end":{"line":93,"column":44}},"21":{"start":{"line":94,"column":12},"end":{"line":94,"column":23}},"22":{"start":{"line":97,"column":10},"end":{"line":97,"column":64}},"23":{"start":{"line":45,"column":0},"end":{"line":45,"column":13}}},"fnMap":{"0":{"name":"(anonymous_0)","decl":{"start":{"line":50,"column":2},"end":{"line":50,"column":null}},"loc":{"start":{"line":50,"column":2},"end":{"line":60,"column":3}}},"1":{"name":"(anonymous_1)","decl":{"start":{"line":51,"column":10},"end":{"line":51,"column":11}},"loc":{"start":{"line":51,"column":31},"end":{"line":59,"column":5}}},"2":{"name":"(anonymous_2)","decl":{"start":{"line":62,"column":2},"end":{"line":62,"column":9}},"loc":{"start":{"line":62,"column":38},"end":{"line":102,"column":3}}},"3":{"name":"(anonymous_3)","decl":{"start":{"line":72,"column":12},"end":{"line":72,"column":13}},"loc":{"start":{"line":72,"column":64},"end":{"line":76,"column":7}}},"4":{"name":"(anonymous_4)","decl":{"start":{"line":73,"column":17},"end":{"line":73,"column":18}},"loc":{"start":{"line":73,"column":42},"end":{"line":75,"column":9}}},"5":{"name":"(anonymous_5)","decl":{"start":{"line":77,"column":15},"end":{"line":77,"column":16}},"loc":{"start":{"line":77,"column":23},"end":{"line":81,"column":7}}},"6":{"name":"(anonymous_6)","decl":{"start":{"line":78,"column":17},"end":{"line":78,"column":18}},"loc":{"start":{"line":78,"column":42},"end":{"line":80,"column":9}}},"7":{"name":"(anonymous_7)","decl":{"start":{"line":82,"column":17},"end":{"line":82,"column":18}},"loc":{"start":{"line":82,"column":38},"end":{"line":99,"column":7}}},"8":{"name":"(anonymous_8)","decl":{"start":{"line":86,"column":17},"end":{"line":86,"column":18}},"loc":{"start":{"line":86,"column":40},"end":{"line":98,"column":9}}},"9":{"name":"(anonymous_9)","decl":{"start":{"line":88,"column":36},"end":{"line":88,"column":37}},"loc":{"start":{"line":88,"column":49},"end":{"line":90,"column":11}}},"10":{"name":"(anonymous_10)","decl":{"start":{"line":92,"column":34},"end":{"line":92,"column":35}},"loc":{"start":{"line":92,"column":54},"end":{"line":95,"column":11}}}},"branchMap":{"0":{"loc":{"start":{"line":52,"column":6},"end":{"line":58,"column":null}},"type":"if","locations":[{"start":{"line":52,"column":6},"end":{"line":58,"column":null}},{"start":{"line":56,"column":13},"end":{"line":58,"column":null}}]}},"s":{"0":1,"1":1,"2":3,"3":3,"4":1,"5":1,"6":2,"7":3,"8":3,"9":1,"10":1,"11":0,"12":0,"13":0,"14":0,"15":1,"16":1,"17":1,"18":1,"19":1,"20":1,"21":1,"22":1,"23":1},"f":{"0":3,"1":3,"2":1,"3":0,"4":0,"5":0,"6":0,"7":1,"8":1,"9":1,"10":1},"b":{"0":[1,2]}}
}
