TN:
SF:src/index.ts
FNF:0
FNH:0
DA:1,1
DA:2,1
DA:3,1
LF:3
LH:3
BRF:0
BRH:0
end_of_record
TN:
SF:src/expect-observable/expect-observable.ts
FN:15,expectObservable
FN:24,(anonymous_1)
FN:25,(anonymous_2)
FN:29,(anonymous_3)
FN:31,(anonymous_4)
FN:33,(anonymous_5)
FN:37,(anonymous_6)
FN:46,(anonymous_7)
FNF:8
FNH:8
FNDA:3,expectObservable
FNDA:1,(anonymous_1)
FNDA:1,(anonymous_2)
FNDA:1,(anonymous_3)
FNDA:1,(anonymous_4)
FNDA:1,(anonymous_5)
FNDA:1,(anonymous_6)
FNDA:1,(anonymous_7)
DA:2,1
DA:15,1
DA:19,3
DA:21,3
DA:23,3
DA:25,1
DA:26,1
DA:31,1
DA:33,1
DA:34,1
DA:37,1
DA:39,1
DA:40,1
DA:43,1
DA:48,1
LF:15
LH:15
BRF:0
BRH:0
end_of_record
TN:
SF:src/expect-observable/matchers.ts
FN:2,(anonymous_0)
FN:5,(anonymous_1)
FN:10,setMatchers
FNF:3
FNH:1
FNDA:0,(anonymous_0)
FNDA:0,(anonymous_1)
FNDA:1,setMatchers
DA:1,1
DA:3,0
DA:6,0
DA:10,1
DA:11,1
DA:12,1
LF:6
LH:4
BRF:0
BRH:0
end_of_record
TN:
SF:src/expect-observable/test-scheduler.ts
FN:50,(anonymous_0)
FN:51,(anonymous_1)
FN:62,(anonymous_2)
FN:72,(anonymous_3)
FN:73,(anonymous_4)
FN:77,(anonymous_5)
FN:78,(anonymous_6)
FN:82,(anonymous_7)
FN:86,(anonymous_8)
FN:88,(anonymous_9)
FN:92,(anonymous_10)
FNF:11
FNH:7
FNDA:3,(anonymous_0)
FNDA:3,(anonymous_1)
FNDA:1,(anonymous_2)
FNDA:0,(anonymous_3)
FNDA:0,(anonymous_4)
FNDA:0,(anonymous_5)
FNDA:0,(anonymous_6)
FNDA:1,(anonymous_7)
FNDA:1,(anonymous_8)
FNDA:1,(anonymous_9)
FNDA:1,(anonymous_10)
DA:1,1
DA:3,1
DA:45,1
DA:46,3
DA:47,3
DA:51,3
DA:52,3
DA:53,1
DA:54,1
DA:57,2
DA:69,1
DA:71,1
DA:73,0
DA:74,0
DA:78,0
DA:79,0
DA:84,1
DA:86,1
DA:88,1
DA:89,1
DA:92,1
DA:93,1
DA:94,1
DA:97,1
LF:24
LH:20
BRDA:52,0,0,1
BRDA:52,0,1,2
BRF:2
BRH:2
end_of_record
